<?xml version="1.0" encoding="UTF-8"?>
<testng-results skipped="1" failed="0" total="1" passed="0">
  <reporter-output>
  </reporter-output>
  <suite name="Default suite" duration-ms="13099" started-at="2018-08-15T22:24:56Z" finished-at="2018-08-15T22:25:09Z">
    <groups>
    </groups>
    <test name="Default test" duration-ms="13099" started-at="2018-08-15T22:24:56Z" finished-at="2018-08-15T22:25:09Z">
      <class name="com.rakuten.india.testUnits.Runners">
        <test-method status="PASS" signature="beforeSuite()[pri:0, instance:com.rakuten.india.testUnits.Runners@2e4b8173]" name="beforeSuite" is-config="true" duration-ms="4451" started-at="2018-08-15T22:24:52Z" finished-at="2018-08-15T22:24:56Z">
        </test-method> <!-- beforeSuite -->
        <test-method status="FAIL" signature="beforeMethod()[pri:0, instance:com.rakuten.india.testUnits.Runners@2e4b8173]" name="beforeMethod" is-config="true" duration-ms="0" started-at="2018-08-15T22:24:56Z" finished-at="2018-08-15T22:24:56Z">
          <exception class="org.openqa.selenium.WebDriverException">
            <message>
              <![CDATA[An unknown server-side error occurred while processing the command. Original error: Xcode 9.2 has a maximum SDK version of 11.2. It does not support iOS version 11.4.1 (WARNING: The server did not provide any stacktrace information)
Command duration or timeout: 3.65 seconds
Build info: version: '3.4.0', revision: 'unknown', time: 'unknown'
System info: host: 'RINMAC296', ip: 'fe80:0:0:0:2e:bf5a:2e80:23fb%en0', os.name: 'Mac OS X', os.arch: 'x86_64', os.version: '10.12.6', java.version: '1.8.0_144'
Driver info: driver.version: IOSDriver]]>
            </message>
            <full-stacktrace>
              <![CDATA[org.openqa.selenium.WebDriverException: An unknown server-side error occurred while processing the command. Original error: Xcode 9.2 has a maximum SDK version of 11.2. It does not support iOS version 11.4.1 (WARNING: The server did not provide any stacktrace information)
Command duration or timeout: 3.65 seconds
Build info: version: '3.4.0', revision: 'unknown', time: 'unknown'
System info: host: 'RINMAC296', ip: 'fe80:0:0:0:2e:bf5a:2e80:23fb%en0', os.name: 'Mac OS X', os.arch: 'x86_64', os.version: '10.12.6', java.version: '1.8.0_144'
Driver info: driver.version: IOSDriver
	at sun.reflect.NativeConstructorAccessorImpl.newInstance0(Native Method)
	at sun.reflect.NativeConstructorAccessorImpl.newInstance(NativeConstructorAccessorImpl.java:62)
	at sun.reflect.DelegatingConstructorAccessorImpl.newInstance(DelegatingConstructorAccessorImpl.java:45)
	at java.lang.reflect.Constructor.newInstance(Constructor.java:423)
	at org.openqa.selenium.remote.ErrorHandler.createThrowable(ErrorHandler.java:215)
	at org.openqa.selenium.remote.ErrorHandler.throwIfResponseFailed(ErrorHandler.java:167)
	at org.openqa.selenium.remote.JsonWireProtocolResponse.lambda$new$0(JsonWireProtocolResponse.java:53)
	at org.openqa.selenium.remote.JsonWireProtocolResponse.lambda$getResponseFunction$2(JsonWireProtocolResponse.java:91)
	at org.openqa.selenium.remote.ProtocolHandshake.lambda$createSession$22(ProtocolHandshake.java:365)
	at java.util.stream.ReferencePipeline$3$1.accept(ReferencePipeline.java:193)
	at java.util.Spliterators$ArraySpliterator.tryAdvance(Spliterators.java:958)
	at java.util.stream.ReferencePipeline.forEachWithCancel(ReferencePipeline.java:126)
	at java.util.stream.AbstractPipeline.copyIntoWithCancel(AbstractPipeline.java:498)
	at java.util.stream.AbstractPipeline.copyInto(AbstractPipeline.java:485)
	at java.util.stream.AbstractPipeline.wrapAndCopyInto(AbstractPipeline.java:471)
	at java.util.stream.FindOps$FindOp.evaluateSequential(FindOps.java:152)
	at java.util.stream.AbstractPipeline.evaluate(AbstractPipeline.java:234)
	at java.util.stream.ReferencePipeline.findFirst(ReferencePipeline.java:464)
	at org.openqa.selenium.remote.ProtocolHandshake.createSession(ProtocolHandshake.java:368)
	at org.openqa.selenium.remote.ProtocolHandshake.createSession(ProtocolHandshake.java:159)
	at org.openqa.selenium.remote.HttpCommandExecutor.execute(HttpCommandExecutor.java:142)
	at io.appium.java_client.remote.AppiumCommandExecutor.execute(AppiumCommandExecutor.java:69)
	at org.openqa.selenium.remote.RemoteWebDriver.execute(RemoteWebDriver.java:637)
	at io.appium.java_client.DefaultGenericMobileDriver.execute(DefaultGenericMobileDriver.java:40)
	at io.appium.java_client.AppiumDriver.execute(AppiumDriver.java:1)
	at io.appium.java_client.ios.IOSDriver.execute(IOSDriver.java:1)
	at org.openqa.selenium.remote.RemoteWebDriver.startSession(RemoteWebDriver.java:250)
	at org.openqa.selenium.remote.RemoteWebDriver.startSession(RemoteWebDriver.java:236)
	at org.openqa.selenium.remote.RemoteWebDriver.<init>(RemoteWebDriver.java:137)
	at io.appium.java_client.DefaultGenericMobileDriver.<init>(DefaultGenericMobileDriver.java:36)
	at io.appium.java_client.AppiumDriver.<init>(AppiumDriver.java:114)
	at io.appium.java_client.AppiumDriver.<init>(AppiumDriver.java:132)
	at io.appium.java_client.ios.IOSDriver.<init>(IOSDriver.java:82)
	at com.rakuten.india.testUnits.Runners.beforeMethod(Runners.java:190)
	at sun.reflect.NativeMethodAccessorImpl.invoke0(Native Method)
	at sun.reflect.NativeMethodAccessorImpl.invoke(NativeMethodAccessorImpl.java:62)
	at sun.reflect.DelegatingMethodAccessorImpl.invoke(DelegatingMethodAccessorImpl.java:43)
	at java.lang.reflect.Method.invoke(Method.java:498)
	at org.testng.internal.MethodInvocationHelper.invokeMethod(MethodInvocationHelper.java:80)
	at org.testng.internal.Invoker.invokeConfigurationMethod(Invoker.java:551)
	at org.testng.internal.Invoker.invokeConfigurations(Invoker.java:213)
	at org.testng.internal.Invoker.invokeMethod(Invoker.java:640)
	at org.testng.internal.Invoker.invokeTestMethod(Invoker.java:894)
	at org.testng.internal.Invoker.invokeTestMethods(Invoker.java:1219)
	at org.testng.internal.TestMethodWorker.invokeTestMethods(TestMethodWorker.java:127)
	at org.testng.internal.TestMethodWorker.run(TestMethodWorker.java:111)
	at org.testng.TestRunner.privateRun(TestRunner.java:768)
	at org.testng.TestRunner.run(TestRunner.java:617)
	at org.testng.SuiteRunner.runTest(SuiteRunner.java:334)
	at org.testng.SuiteRunner.runSequentially(SuiteRunner.java:329)
	at org.testng.SuiteRunner.privateRun(SuiteRunner.java:291)
	at org.testng.SuiteRunner.run(SuiteRunner.java:240)
	at org.testng.SuiteRunnerWorker.runSuite(SuiteRunnerWorker.java:53)
	at org.testng.SuiteRunnerWorker.run(SuiteRunnerWorker.java:87)
	at org.testng.TestNG.runSuitesSequentially(TestNG.java:1188)
	at org.testng.TestNG.runSuitesLocally(TestNG.java:1113)
	at org.testng.TestNG.run(TestNG.java:1025)
	at org.testng.remote.AbstractRemoteTestNG.run(AbstractRemoteTestNG.java:114)
	at org.testng.remote.RemoteTestNG.initAndRun(RemoteTestNG.java:251)
	at org.testng.remote.RemoteTestNG.main(RemoteTestNG.java:77)
]]>
            </full-stacktrace>
          </exception> <!-- org.openqa.selenium.WebDriverException -->
        </test-method> <!-- beforeMethod -->
        <test-method status="SKIP" signature="test1()[pri:0, instance:com.rakuten.india.testUnits.Runners@2e4b8173]" name="test1" duration-ms="2" started-at="2018-08-15T22:25:09Z" finished-at="2018-08-15T22:25:09Z">
        </test-method> <!-- test1 -->
        <test-method status="SKIP" signature="afterMethod()[pri:0, instance:com.rakuten.india.testUnits.Runners@2e4b8173]" name="afterMethod" is-config="true" duration-ms="0" started-at="2018-08-15T22:25:09Z" finished-at="2018-08-15T22:25:09Z">
        </test-method> <!-- afterMethod -->
        <test-method status="SKIP" signature="afterSuite()[pri:0, instance:com.rakuten.india.testUnits.Runners@2e4b8173]" name="afterSuite" is-config="true" duration-ms="0" started-at="2018-08-15T22:25:09Z" finished-at="2018-08-15T22:25:09Z">
        </test-method> <!-- afterSuite -->
      </class> <!-- com.rakuten.india.testUnits.Runners -->
    </test> <!-- Default test -->
  </suite> <!-- Default suite -->
</testng-results>
